<?xml version="1.0" encoding="UTF-8"?>
<testsuite xmlns:xsi="http://www.w3.org/2001/XMLSchema-instance" xsi:noNamespaceSchemaLocation="https://maven.apache.org/surefire/maven-surefire-plugin/xsd/surefire-test-report-3.0.xsd" version="3.0" name="com.trybe.java.regraprogressao.AppTest" time="5.09" tests="5" errors="0" skipped="0" failures="5">
  <properties>
[...]
</properties>
  <testcase name="1 - Cadastra as atividades avaliativas com sucesso." classname="com.trybe.java.regraprogressao.AppTest" time="5.049">
    <failure type="org.opentest4j.AssertionFailedError"><![CDATA[org.opentest4j.AssertionFailedError: expected: <true> but was: <false>
	at com.trybe.java.regraprogressao.AppTest.testCadastrarAtividades(AppTest.java:107)
]]></failure>
  </testcase>
  <testcase name="2 - Insere as notas com sucesso." classname="com.trybe.java.regraprogressao.AppTest" time="0.003">
    <failure type="org.opentest4j.AssertionFailedError"><![CDATA[org.opentest4j.AssertionFailedError: expected: <true> but was: <false>
	at com.trybe.java.regraprogressao.AppTest.testInsereNotas(AppTest.java:148)
]]></failure>
  </testcase>
  <testcase name="4.2 - Emite o resultado correto quando há reprovação." classname="com.trybe.java.regraprogressao.AppTest" time="0.002">
    <failure type="org.opentest4j.AssertionFailedError"><![CDATA[org.opentest4j.AssertionFailedError: expected: <true> but was: <false>
	at com.trybe.java.regraprogressao.AppTest.testEmiteResultadoReprovado(AppTest.java:267)
]]></failure>
  </testcase>
  <testcase name="3 - Verifica a soma dos pesos." classname="com.trybe.java.regraprogressao.AppTest" time="0.003">
    <failure type="org.opentest4j.AssertionFailedError"><![CDATA[org.opentest4j.AssertionFailedError: expected: <true> but was: <false>
	at com.trybe.java.regraprogressao.AppTest.testSomaPesos(AppTest.java:191)
]]></failure>
  </testcase>
  <testcase name="4.1 - Emite o resultado correto quando há aprovação." classname="com.trybe.java.regraprogressao.AppTest" time="0.002">
    <failure type="org.opentest4j.AssertionFailedError"><![CDATA[org.opentest4j.AssertionFailedError: expected: <true> but was: <false>
	at com.trybe.java.regraprogressao.AppTest.testEmiteResultadoAprovado(AppTest.java:228)
]]></failure>
  </testcase>
</testsuite>